  Task begin at  Dec 13,2022,13:38:17     
  I.D. generation random number seed=          100
  Wtmp=    5860.00000000000     
  Phmax, dWWmax=    180.000000000000        1.00000000000000     
  Phmax, dWWmax, pstat_q =    360.000000000000        1.00000000000000     
   10001.0000000000       0.000000000000000E+000  0.000000000000000E+000
  0.000000000000000E+000  0.000000000000000E+000  0.000000000000000E+000
  Hard-edge Quad with fields for SC calculations 
  Hard-edge Quad with fields for SC calculations 
  Hard-edge Quad with fields for SC calculations 
  Hard-edge Quad with fields for SC calculations 
  Hard-edge Quad with fields for SC calculations 
  Hard-edge Quad with fields for SC calculations 
  Hard-edge Quad with fields for SC calculations 
  Hard-edge Quad with fields for SC calculations 
  Hard-edge Quad with fields for SC calculations 
  Hard-edge Quad with fields for SC calculations 
  Hard-edge Quad with fields for SC calculations 
  Hard-edge Quad with fields for SC calculations 
    Task end at  Dec 13,2022,13:38:20     
