  Task begin at  Jul 05,2018,15:35:21     
  I.D. generation random number seed=          100
  Wtmp=    10000.0000000000     
  Phmax, dWWmax=    180.000000000000        1.00000000000000     
  Phmax, dWWmax, pstat_q =    360.000000000000        1.00000000000000     
   1001.00000000000       0.000000000000000E+000  0.000000000000000E+000
  0.000000000000000E+000  0.000000000000000E+000  0.000000000000000E+000
  Internal Quad Model with default/input Enge coefficients 
  Internal Quad Model with default/input Enge coefficients 
  bmag_t: gap, width, g_2, w_2=    8.00000000000000        15.0000000000000     
   3.60000000000000        7.50000000000000     
  bmag_t: Qdesign, Adesign, Wtmp =    8.00000000000000     
   18.0000000000000        10000.0000000001     
  bmag_t: d_elem, dfrng=    43.9071000000000       2.361944101636482E-006
  bmag_t 1: xcl, zcl, csl, snl=   -10.1553308669041        42.2999973251076     
  0.891006524188368      -0.453990499739547     
  bmag_t: Bf (G), p (MeV/c), betgam   11023.9157763551     
   307.928596163138       0.146922202114519     
  move_to_end_t: u-out-1=   -10.1553319392018       0.000000000000000E+000
   42.2999994296103      -0.453640589870902       0.000000000000000E+000
  0.891184725644229     
  move_to_end_t: u-out-2=   -10.1553308677305       0.000000000000000E+000
   42.2999973246865      -0.453640589870902       0.000000000000000E+000
  0.891184725644229     
 
  --------------- First Step Done ----------------- 
 
  move_to_end_t: u-out-1=   -10.2467461518668       0.000000000000000E+000
   42.4975803108632      -0.454165763111732       0.000000000000000E+000
  0.890917201325206     
  move_to_end_t: u-out-2=   -10.1479426607230       0.000000000000000E+000
   42.3037618045808      -0.454165763111732       0.000000000000000E+000
  0.890917201325206     
 
  --------------- Second Step Done ----------------- 
 
  move_to_end_t: u-out-1=   -10.1553330114996       0.000000000000000E+000
   42.3000015341130      -0.453640612462283       0.000000000000000E+000
  0.891184714144517     
  move_to_end_t: u-out-2=   -10.1553308685568       0.000000000000000E+000
   42.2999973242655      -0.453640612462283       0.000000000000000E+000
  0.891184714144517     
 
  --------------- Third Step Done ----------------- 
 
  move_to_end_t: u-out-1=   -10.1553330114996       0.000000000000000E+000
   42.3000015341130      -0.453640612462283       0.000000000000000E+000
  0.891184714144517     
  move_to_end_t: u-out-2=   -10.1553308685568       0.000000000000000E+000
   42.2999973242655      -0.453640612462283       0.000000000000000E+000
  0.891184714144517     
 
  --------------- Last Step Done ----------------- 
 
  bmag_t 2: xcl, zcl, csl, snl=   -10.1553308685568        42.2999973242655     
  0.891184714153671      -0.453640612444300     
  bmag_t: pathl, d_elem=    43.9070952761227        43.9071000000000     
  
  curve_init_t: ref. part.=    43.9070952761227       -10.1553308669040     
  0.000000000000000E+000   42.2999973251075      -0.453815031672708     
  0.000000000000000E+000  0.891095907872940     
  curve_init_t: exit frame=    43.9071000000000       -10.1553308685568     
  0.000000000000000E+000   42.2999973242655      -0.453640612444300     
  0.000000000000000E+000  0.891184714153671     
  bmag_t 3: xcl, zcl, csl, snl=   -10.1553308685568        42.2999973242655     
  0.891184714153671      -0.453640612444300     
  RefPartSet_t: btg, btgo, x, y, z, vx, vy, vz=   0.146922202114519     
  0.146922204963199       -10.1553308669040       0.000000000000000E+000
   42.2999973251075      -0.453815031672708       0.000000000000000E+000
  0.891095907872940     
  RefPartSet_t: env_gr(12-13,nstep)=    6.90825236839350     
   10000.0003857215     
  RefPartSet_t: phasa, Wtmp_out=    6.90825311163863     
   10000.0000000001     
  bmag_t: gap, width, g_2, w_2=    8.00000000000000        15.0000000000000     
   3.60000000000000        7.50000000000000     
  bmag_t: Qdesign, Adesign, Wtmp =    8.00000000000000     
   18.0000000000000        10000.0003857215     
  bmag_t: d_elem, dfrng=    43.9071000000000       2.361944101636482E-006
  bmag_t 1: xcl, zcl, csl, snl=    10.1553308669041        42.2999973251076     
  0.891006524188368       0.453990499739547     
  bmag_t: Bf (G), p (MeV/c), betgam   11023.9159900982     
   307.928602133578       0.146922204963200     
  move_to_end_t: u-out-1=   -10.1553319392018       0.000000000000000E+000
   42.2999994296103      -0.453640589870902       0.000000000000000E+000
  0.891184725644229     
  move_to_end_t: u-out-2=   -10.1553308677305       0.000000000000000E+000
   42.2999973246865      -0.453640589870902       0.000000000000000E+000
  0.891184725644229     
 
  --------------- First Step Done ----------------- 
 
  move_to_end_t: u-out-1=   -10.2467461518667       0.000000000000000E+000
   42.4975803108632      -0.454165763111731       0.000000000000000E+000
  0.890917201325207     
  move_to_end_t: u-out-2=   -10.1479426607230       0.000000000000000E+000
   42.3037618045808      -0.454165763111731       0.000000000000000E+000
  0.890917201325207     
 
  --------------- Second Step Done ----------------- 
 
  move_to_end_t: u-out-1=   -10.1553330114996       0.000000000000000E+000
   42.3000015341130      -0.453640612462282       0.000000000000000E+000
  0.891184714144517     
  move_to_end_t: u-out-2=   -10.1553308685568       0.000000000000000E+000
   42.2999973242655      -0.453640612462282       0.000000000000000E+000
  0.891184714144517     
 
  --------------- Third Step Done ----------------- 
 
  move_to_end_t: u-out-1=   -10.1553330114996       0.000000000000000E+000
   42.3000015341130      -0.453640612462282       0.000000000000000E+000
  0.891184714144517     
  move_to_end_t: u-out-2=   -10.1553308685568       0.000000000000000E+000
   42.2999973242655      -0.453640612462282       0.000000000000000E+000
  0.891184714144517     
 
  --------------- Last Step Done ----------------- 
 
  bmag_t 2: xcl, zcl, csl, snl=    10.1553308685568        42.2999973242655     
  0.891184714153671       0.453640612444300     
  bmag_t: pathl, d_elem=    43.9070952761223        43.9071000000000     
  
  curve_init_t: ref. part.=    43.9070952761223        10.1553308669039     
  0.000000000000000E+000   42.2999973251072       0.453815031672704     
  0.000000000000000E+000  0.891095907872942     
  curve_init_t: exit frame=    43.9071000000000        10.1553308685568     
  0.000000000000000E+000   42.2999973242655       0.453640612444300     
  0.000000000000000E+000  0.891184714153671     
  bmag_t 3: xcl, zcl, csl, snl=    10.1553308685568        42.2999973242655     
  0.891184714153671       0.453640612444300     
  RefPartSet_t: btg, btgo, x, y, z, vx, vy, vz=   0.146922204963200     
  0.146922207811879        10.1553308669039       0.000000000000000E+000
   42.2999973251072       0.453815031672704       0.000000000000000E+000
  0.891095907872942     
  RefPartSet_t: env_gr(12-13,nstep)=    6.90825223727922     
   10000.0007714429     
  RefPartSet_t: phasa, Wtmp_out=    6.90825298052449     
   10000.0003857215     
  bmag_t: gap, width, g_2, w_2=    8.00000000000000        15.0000000000000     
   3.60000000000000        7.50000000000000     
  bmag_t: Qdesign, Adesign, Wtmp =    8.00000000000000     
   18.0000000000000        10000.0007714429     
  bmag_t: d_elem, dfrng=    43.9071000000000       2.361944101636482E-006
  bmag_t 1: xcl, zcl, csl, snl=    10.1553308669041        42.2999973251076     
  0.891006524188368       0.453990499739547     
  bmag_t: Bf (G), p (MeV/c), betgam   11023.9162038414     
   307.928608104018       0.146922207811880     
  move_to_end_t: u-out-1=   -10.1553319392018       0.000000000000000E+000
   42.2999994296103      -0.453640589870902       0.000000000000000E+000
  0.891184725644229     
  move_to_end_t: u-out-2=   -10.1553308677305       0.000000000000000E+000
   42.2999973246865      -0.453640589870902       0.000000000000000E+000
  0.891184725644229     
 
  --------------- First Step Done ----------------- 
 
  move_to_end_t: u-out-1=   -10.2467461518668       0.000000000000000E+000
   42.4975803108632      -0.454165763111732       0.000000000000000E+000
  0.890917201325206     
  move_to_end_t: u-out-2=   -10.1479426607230       0.000000000000000E+000
   42.3037618045807      -0.454165763111732       0.000000000000000E+000
  0.890917201325206     
 
  --------------- Second Step Done ----------------- 
 
  move_to_end_t: u-out-1=   -10.1553330114996       0.000000000000000E+000
   42.3000015341129      -0.453640612462283       0.000000000000000E+000
  0.891184714144517     
  move_to_end_t: u-out-2=   -10.1553308685568       0.000000000000000E+000
   42.2999973242655      -0.453640612462283       0.000000000000000E+000
  0.891184714144517     
 
  --------------- Third Step Done ----------------- 
 
  move_to_end_t: u-out-1=   -10.1553330114996       0.000000000000000E+000
   42.3000015341129      -0.453640612462283       0.000000000000000E+000
  0.891184714144517     
  move_to_end_t: u-out-2=   -10.1553308685568       0.000000000000000E+000
   42.2999973242655      -0.453640612462283       0.000000000000000E+000
  0.891184714144517     
 
  --------------- Last Step Done ----------------- 
 
  bmag_t 2: xcl, zcl, csl, snl=    10.1553308685568        42.2999973242654     
  0.891184714153671       0.453640612444300     
  bmag_t: pathl, d_elem=    43.9070952761228        43.9071000000000     
  
  curve_init_t: ref. part.=    43.9070952761228        10.1553308669041     
  0.000000000000000E+000   42.2999973251076       0.453815031672709     
  0.000000000000000E+000  0.891095907872939     
  curve_init_t: exit frame=    43.9071000000000        10.1553308685568     
  0.000000000000000E+000   42.2999973242654       0.453640612444300     
  0.000000000000000E+000  0.891184714153671     
  bmag_t 3: xcl, zcl, csl, snl=    10.1553308685568        42.2999973242654     
  0.891184714153671       0.453640612444300     
  RefPartSet_t: btg, btgo, x, y, z, vx, vy, vz=   0.146922207811880     
  0.146922210660560        10.1553308669041       0.000000000000000E+000
   42.2999973251076       0.453815031672709       0.000000000000000E+000
  0.891095907872939     
  RefPartSet_t: env_gr(12-13,nstep)=    6.90825210616523     
   10000.0011571643     
  RefPartSet_t: phasa, Wtmp_out=    6.90825284941034     
   10000.0007714429     
  bmag_t: gap, width, g_2, w_2=    8.00000000000000        15.0000000000000     
   3.60000000000000        7.50000000000000     
  bmag_t: Qdesign, Adesign, Wtmp =    8.00000000000000     
   18.0000000000000        10000.0011571643     
  bmag_t: d_elem, dfrng=    43.9071000000000       2.361944101636482E-006
  bmag_t 1: xcl, zcl, csl, snl=   -10.1553308669041        42.2999973251076     
  0.891006524188368      -0.453990499739547     
  bmag_t: Bf (G), p (MeV/c), betgam   11023.9164175845     
   307.928614074458       0.146922210660561     
  move_to_end_t: u-out-1=   -10.1553319392018       0.000000000000000E+000
   42.2999994296103      -0.453640589870902       0.000000000000000E+000
  0.891184725644229     
  move_to_end_t: u-out-2=   -10.1553308677305       0.000000000000000E+000
   42.2999973246865      -0.453640589870902       0.000000000000000E+000
  0.891184725644229     
 
  --------------- First Step Done ----------------- 
 
  move_to_end_t: u-out-1=   -10.2467461518667       0.000000000000000E+000
   42.4975803108632      -0.454165763111731       0.000000000000000E+000
  0.890917201325207     
  move_to_end_t: u-out-2=   -10.1479426607230       0.000000000000000E+000
   42.3037618045808      -0.454165763111731       0.000000000000000E+000
  0.890917201325207     
 
  --------------- Second Step Done ----------------- 
 
  move_to_end_t: u-out-1=   -10.1553330114996       0.000000000000000E+000
   42.3000015341130      -0.453640612462282       0.000000000000000E+000
  0.891184714144518     
  move_to_end_t: u-out-2=   -10.1553308685568       0.000000000000000E+000
   42.2999973242655      -0.453640612462282       0.000000000000000E+000
  0.891184714144518     
 
  --------------- Third Step Done ----------------- 
 
  move_to_end_t: u-out-1=   -10.1553330114996       0.000000000000000E+000
   42.3000015341130      -0.453640612462282       0.000000000000000E+000
  0.891184714144518     
  move_to_end_t: u-out-2=   -10.1553308685568       0.000000000000000E+000
   42.2999973242655      -0.453640612462282       0.000000000000000E+000
  0.891184714144518     
 
  --------------- Last Step Done ----------------- 
 
  bmag_t 2: xcl, zcl, csl, snl=   -10.1553308685568        42.2999973242655     
  0.891184714153672      -0.453640612444299     
  bmag_t: pathl, d_elem=    43.9070952761232        43.9071000000000     
  
  curve_init_t: ref. part.=    43.9070952761232       -10.1553308669043     
  0.000000000000000E+000   42.2999973251079      -0.453815031672713     
  0.000000000000000E+000  0.891095907872937     
  curve_init_t: exit frame=    43.9071000000000       -10.1553308685568     
  0.000000000000000E+000   42.2999973242655      -0.453640612444299     
  0.000000000000000E+000  0.891184714153672     
  bmag_t 3: xcl, zcl, csl, snl=   -10.1553308685568        42.2999973242655     
  0.891184714153672      -0.453640612444299     
  RefPartSet_t: btg, btgo, x, y, z, vx, vy, vz=   0.146922210660561     
  0.146922213509240       -10.1553308669043       0.000000000000000E+000
   42.2999973251079      -0.453815031672713       0.000000000000000E+000
  0.891095907872937     
  RefPartSet_t: env_gr(12-13,nstep)=    6.90825197505119     
   10000.0015428858     
  RefPartSet_t: phasa, Wtmp_out=    6.90825271829621     
   10000.0011571643     
  Internal Quad Model with default/input Enge coefficients 
  Internal Quad Model with default/input Enge coefficients 
    Task end at  Jul 05,2018,15:35:24     
