 ----------------------------------------------------
  updt2 
  iOrder, iCosy=            1           0
 ----------------------------------------------------
 ----------------------------------------------------
 ----------------------------------------------------
  mtrx2 
  Nupdt, iOrder, iCosy=            2           1           0
  U_Mtrx=   4.606958778118173E-002   9.42022832943470     
  4.751791599228297E-002   9.23942340477653       0.250000000000000     
  0.250000000000000     
 ----------------------------------------------------
  Done with Ci 
 --------------------------------------------------
  0.1470237E-04  0.1381510E-03  0.0000000E+00  0.0000000E+00 -0.6710086E-03  0.4592819E-04
 --------------------------------------------------
  Done with Rij 
 --------------------------------------------------
  0.1889865E+01  0.2473522E+02  0.0000000E+00  0.0000000E+00  0.8959280E+00 -0.2492562E-03
  0.1244137E-02  0.1012515E+01  0.0000000E+00  0.0000000E+00 -0.6772720E-03 -0.5813365E-08
  0.0000000E+00  0.0000000E+00  0.9996604E+00  0.6365096E+01  0.0000000E+00  0.0000000E+00
  0.0000000E+00  0.0000000E+00 -0.3760214E-06  0.9999995E+00  0.0000000E+00  0.0000000E+00
  0.0000000E+00  0.0000000E+00  0.0000000E+00  0.0000000E+00  0.1000000E+01  0.0000000E+00
  0.1719669E+00  0.1842432E+01  0.0000000E+00  0.0000000E+00 -0.3123484E+02  0.1000023E+01
 --------------------------------------------------
