  Task begin at  Dec 12,2022,16:38:18     
  I.D. generation random number seed=          100
  Wtmp=    6670.00000000000     
  Phmax, dWWmax=    180.000000000000        1.00000000000000     
  Phmax, dWWmax, pstat_q =    360.000000000000        1.00000000000000     
   10001.0000000000       0.000000000000000E+000  0.000000000000000E+000
  0.000000000000000E+000  0.000000000000000E+000  0.000000000000000E+000
  Hard-edge Quad with fields for SC calculations 
  Hard-edge Quad with fields for SC calculations 
  Hard-edge Quad with fields for SC calculations 
  Hard-edge Quad with fields for SC calculations 
  Hard-edge Quad with fields for SC calculations 
  Hard-edge Quad with fields for SC calculations 
  Hard-edge Quad with fields for SC calculations 
  Hard-edge Quad with fields for SC calculations 
  Hard-edge Quad with fields for SC calculations 
  Hard-edge Quad with fields for SC calculations 
  Hard-edge Quad with fields for SC calculations 
  Hard-edge Quad with fields for SC calculations 
    Task end at  Dec 12,2022,16:38:22     
