 Nseed      iq         dt[nsec]         dW[MeV/u]           x[cm]           x'[mrad]            y[cm]           y'[mrad]  
      0      1       0.60105E-12       0.00000E+00       0.11906E-04       0.98710E-04       0.00000E+00       0.00000E+00
      0      1       0.33790E+02      -0.45746E-02       0.66390E+00       0.59815E+01      -0.86824E+00      -0.43283E+01
      0      1       0.14277E+02      -0.24045E-02      -0.48530E+00      -0.33016E+01      -0.13643E+00      -0.27183E+01
      0      1       0.12960E+02       0.49845E-02       0.20424E+00       0.22556E+01       0.77055E+00       0.50844E+01
      0      1      -0.29266E+02      -0.44605E-04       0.71555E+00       0.60121E+01       0.56172E+00       0.26522E+01
      0      1      -0.33723E+02      -0.31356E-02      -0.42765E+00      -0.36226E+01       0.28851E+00       0.14922E+01
      0      1       0.18132E+02       0.64360E-02      -0.67886E+00      -0.50522E+01       0.55710E+00       0.37248E+01
      0      1      -0.14174E+02       0.63677E-02       0.43199E+00       0.55275E+01      -0.84247E+00      -0.80716E+01
      0      1       0.21502E+02       0.40249E-02      -0.81471E-01       0.87407E+00       0.42251E+00       0.23984E+01
      0      1       0.24243E+02      -0.46350E-02       0.29820E+00       0.34981E+01      -0.83435E+00      -0.52018E+01
      0      1       0.49149E+01       0.27753E-02       0.31165E+00       0.16082E+01       0.11723E+00       0.19115E+01
      0      1       0.19901E+02      -0.42331E-02      -0.51843E+00      -0.62144E+01       0.63745E+00       0.70633E+01
      0      1       0.36009E+02      -0.56789E-02       0.19334E+00       0.14891E+01      -0.17514E+00       0.10886E+01
      0      1       0.13722E+02      -0.33861E-02      -0.37142E+00      -0.44895E+01       0.74355E+00       0.29198E+01
      0      1       0.36058E+02       0.27511E-02      -0.64756E+00      -0.62882E+01      -0.87952E+00      -0.36675E+01
      0      1      -0.20592E+01       0.40032E-02       0.62385E+00       0.55299E+01       0.23754E+00       0.52552E+01
      0      1       0.13800E+02      -0.57802E-02      -0.96951E-01      -0.73846E+00      -0.28081E+00      -0.93010E+00
      0      1       0.17282E+02      -0.30661E-03       0.75554E+00       0.64591E+01      -0.15367E+00      -0.27052E+01
      0      1      -0.27387E+02       0.27101E-02       0.42044E+00       0.33224E+01      -0.70018E-01      -0.22776E+01
      0      1      -0.10425E+02       0.60275E-02      -0.10862E+00      -0.26581E+01      -0.82616E+00      -0.59427E+01
      0      1      -0.28396E+02       0.56363E-02      -0.72190E+00      -0.69329E+01      -0.48191E+00      -0.39162E+00
      0      1      -0.33988E+01       0.26303E-02      -0.30466E+00      -0.20603E+01      -0.60551E+00      -0.34709E+01
      0      1       0.42237E+00      -0.20923E-02      -0.44161E+00      -0.40806E+01      -0.50186E+00      -0.54763E+00
      0      1       0.88450E+00      -0.32057E-02      -0.46041E+00      -0.49769E+01       0.33183E+00       0.37508E+01
      0      1      -0.87928E+01      -0.30697E-02      -0.17108E+00      -0.11245E+01       0.18983E+00       0.46794E+01
      0      1       0.27591E+02      -0.19422E-02      -0.67490E+00      -0.58645E+01       0.67034E+00       0.64425E+01
      0      1       0.37710E+02      -0.29169E-02       0.72661E+00       0.62125E+01      -0.53827E+00      -0.55721E+01
      0      1       0.36705E+02      -0.33764E-02      -0.58619E+00      -0.58164E+01       0.64351E+00       0.25984E+01
      0      1      -0.18281E+02      -0.38396E-02      -0.19831E+00      -0.95024E+00      -0.82500E+00      -0.44572E+01
      0      1       0.28055E+02      -0.29209E-02      -0.56784E+00      -0.56842E+01       0.12328E+00      -0.15403E+01
      0      1      -0.30983E+02       0.37588E-02      -0.27341E+00      -0.15232E+01       0.45180E+00       0.18329E+01
      0      1       0.66964E+01      -0.50163E-02       0.34043E+00       0.33441E+01      -0.56704E+00      -0.47910E+01
      0      1       0.23989E+02      -0.20999E-02      -0.66644E-01      -0.16765E+00       0.38723E+00       0.48408E+01
      0      1      -0.31662E+02       0.24941E-02      -0.40571E+00      -0.38971E+01       0.36964E+00       0.10304E+01
      0      1       0.30261E+02      -0.46928E-02      -0.56661E+00      -0.49662E+01      -0.64921E+00      -0.46962E+01
      0      1       0.43898E+01       0.33064E-02      -0.42273E+00      -0.26322E+01       0.44607E+00       0.46715E+01
      0      1      -0.40385E+02       0.35338E-02       0.52857E+00       0.41876E+01       0.75204E+00       0.75339E+01
      0      1      -0.74681E+00       0.32323E-03      -0.40855E+00      -0.48756E+01       0.32850E+00       0.50123E+01
      0      1       0.16400E+02      -0.38483E-02       0.87556E-01      -0.43353E+00       0.40048E+00       0.47722E+01
      0      1       0.39270E+02      -0.39114E-02       0.32377E+00       0.23658E+01       0.68680E+00       0.24569E+01
      0      1       0.51455E+01       0.49611E-02       0.46203E+00       0.34344E+01       0.29982E+00       0.50567E+00
      0      1       0.98315E+01      -0.36522E-02      -0.12793E+00      -0.22806E+01       0.44546E+00       0.54315E+01
      0      1      -0.22526E+02      -0.60799E-02       0.15750E+00       0.94644E+00      -0.14893E+00       0.13649E+01
      0      1      -0.11124E+02       0.11601E-02      -0.96814E-01      -0.12461E+01       0.22013E+00       0.29683E+01
      0      1      -0.22601E+02       0.26264E-02      -0.62427E+00      -0.56776E+01       0.21497E-01       0.12190E+01
      0      1      -0.13606E+02      -0.46244E-03       0.47803E+00       0.46078E+01      -0.81516E+00      -0.79755E+01
      0      1       0.20231E+02      -0.29527E-02       0.14435E+00       0.22788E+01      -0.67887E-01       0.12736E+01
      0      1       0.26006E+01      -0.24391E-02      -0.23396E+00      -0.11694E+01       0.89133E+00       0.80933E+01
      0      1      -0.39902E+01       0.29171E-02      -0.42783E-01      -0.38776E+00       0.62334E+00       0.42925E+01
      0      1      -0.28196E+01       0.14789E-02      -0.44384E+00      -0.34384E+01       0.51107E-01       0.61219E+00
      0      1      -0.10280E+02       0.62632E-02       0.14009E+00       0.14145E+01       0.87875E-01       0.96357E+00
      0      1       0.33669E+02      -0.78554E-03      -0.18556E+00      -0.34530E+01      -0.69848E+00      -0.47769E+01
      0      1      -0.67379E+01      -0.25188E-03      -0.46290E+00      -0.34857E+01      -0.21177E+00      -0.28010E+01
      0      1       0.21736E+02       0.27850E-02       0.90511E+00       0.76114E+01      -0.80714E+00      -0.76353E+01
      0      1       0.16456E+02      -0.55577E-02       0.51112E+00       0.40667E+01       0.16698E+00       0.23973E+01
      0      1       0.18763E+02       0.54861E-02      -0.33943E+00      -0.34387E+01       0.61244E+00       0.58206E+01
      0      1       0.21366E+02      -0.48932E-02      -0.29285E+00      -0.33725E+01      -0.58996E+00      -0.66161E+01
      0      1      -0.21330E+01      -0.37481E-02      -0.56917E+00      -0.56574E+01       0.22451E+00       0.39309E+01
      0      1       0.74727E+01      -0.28393E-02       0.73867E+00       0.63065E+01       0.29277E-01       0.22172E+01
      0      1       0.25541E+02       0.15964E-02      -0.71309E+00      -0.63623E+01       0.22071E+00      -0.15276E+01
      0      1       0.32153E+02       0.28257E-02      -0.81938E+00      -0.67455E+01      -0.37122E+00      -0.24325E+01
      0      1      -0.21056E+02      -0.22651E-02       0.45899E+00       0.46813E+01      -0.45208E+00      -0.49683E+01
      0      1      -0.23629E+02       0.32306E-02      -0.16547E+00      -0.24330E+01       0.28090E+00       0.43400E+01
      0      1      -0.41037E+02       0.42831E-02       0.44328E+00       0.27639E+01       0.17127E+00       0.28620E+01
      0      1       0.26865E+02      -0.38140E-03       0.44110E+00       0.56507E+01       0.12583E+00       0.27760E+01
      0      1       0.11766E+02       0.50488E-02      -0.15679E+00      -0.22845E+01       0.33413E-01       0.28385E+01
      0      1       0.24371E+02      -0.29256E-02      -0.74166E+00      -0.58091E+01       0.82949E+00       0.72096E+01
      0      1      -0.28895E+02      -0.40993E-02      -0.51278E+00      -0.59810E+01      -0.31255E+00      -0.50507E+01
      0      1      -0.12151E+02       0.41967E-02       0.47267E-01       0.29908E+00       0.81809E+00       0.88575E+01
      0      1      -0.29959E+02       0.19356E-02      -0.38616E+00      -0.39872E+01      -0.37338E+00      -0.24015E+01
      0      1       0.30512E+02      -0.85470E-03      -0.16500E-01      -0.83689E+00      -0.61190E+00      -0.22022E+01
      0      1       0.19775E+02      -0.52146E-02      -0.22561E+00      -0.22480E+01       0.26660E+00       0.25877E+01
      0      1      -0.15019E+02      -0.50199E-02      -0.59425E-01       0.10708E+01      -0.62059E+00      -0.52590E+01
      0      1      -0.71232E+01       0.91299E-03      -0.41879E+00      -0.56630E+01       0.97463E+00       0.64694E+01
      0      1      -0.70916E+01       0.22919E-02      -0.20817E+00      -0.57449E+00       0.86561E+00       0.83878E+01
      0      1      -0.30161E+02      -0.47579E-02      -0.27585E+00      -0.13237E+01       0.48039E+00       0.30043E+01
      0      1      -0.12699E+02       0.92453E-03      -0.36207E+00      -0.46279E+01       0.39952E+00       0.49738E+01
      0      1       0.80991E+01      -0.21994E-02      -0.30544E+00      -0.43643E+01      -0.14876E-01       0.73386E+00
      0      1      -0.23684E+02      -0.45061E-02       0.15259E+00       0.58904E+00       0.52641E+00       0.18092E+01
      0      1      -0.15954E+02       0.18736E-02      -0.19104E+00      -0.21718E+01       0.81353E+00       0.44663E+01
      0      1      -0.28746E+02       0.72921E-03       0.33711E-01      -0.16371E+00      -0.94941E+00      -0.55908E+01
      0      1      -0.39238E+02       0.49045E-02       0.53720E+00       0.60052E+01       0.44952E+00       0.75388E+00
      0      1      -0.16850E+02      -0.26852E-02       0.56844E+00       0.58957E+01      -0.57828E+00      -0.59237E+01
      0      1       0.37557E+02      -0.48763E-02      -0.36216E+00      -0.44888E+01       0.52219E+00       0.25006E+01
      0      1      -0.75690E+01       0.27331E-02      -0.57327E+00      -0.65465E+01      -0.90492E+00      -0.57768E+01
      0      1      -0.24543E+02      -0.72885E-03      -0.25343E+00      -0.35287E+01      -0.14092E+00      -0.18347E+01
      0      1       0.15844E+02       0.11669E-02       0.46443E+00       0.46677E+01      -0.20990E+00       0.61641E+00
      0      1       0.34590E+02      -0.37438E-03      -0.57940E+00      -0.65314E+01      -0.19952E+00       0.64208E+00
      0      1      -0.41349E+01       0.31544E-02      -0.58506E+00      -0.59286E+01      -0.68545E+00      -0.26772E+01
      0      1      -0.32262E+01      -0.11731E-02       0.15678E+00       0.22369E+01       0.15052E+00       0.39830E+01
      0      1       0.39478E+02      -0.34509E-02       0.47910E+00       0.34736E+01      -0.69769E+00      -0.64418E+01
      0      1       0.14552E+01       0.46074E-02      -0.18309E+00      -0.16952E+01      -0.24574E+00      -0.43553E+01
      0      1       0.32845E+02       0.21068E-02       0.30259E+00       0.36686E+01      -0.76237E+00      -0.55991E+01
      0      1      -0.38180E+01       0.58984E-02      -0.72633E+00      -0.62569E+01       0.58324E+00       0.54872E+01
      0      1       0.19687E+01      -0.10015E-02      -0.73882E+00      -0.66475E+01       0.48798E+00       0.69609E+01
      0      1       0.13252E+02      -0.50229E-03       0.58927E+00       0.49555E+01      -0.60788E+00      -0.33931E+01
      0      1      -0.57279E+01       0.61148E-02      -0.24332E+00      -0.28869E+01       0.73210E+00       0.64507E+01
      0      1       0.25149E+02      -0.54597E-02       0.84209E+00       0.68729E+01       0.58647E+00       0.30761E+01
      0      1      -0.33158E+02      -0.31672E-02      -0.27675E+00      -0.37580E+01       0.80594E-01       0.30579E+01
      0      1      -0.11269E+02       0.11938E-03       0.40099E-01      -0.11221E+01      -0.37199E+00      -0.33117E+01
      0      1      -0.21623E+02       0.45999E-02       0.45434E-01      -0.27133E+00      -0.21063E+00      -0.21553E+01
      0      1       0.92046E+01       0.56340E-02       0.48307E+00       0.39118E+01       0.30463E+00       0.25090E+01
      0      1      -0.66304E+01      -0.25123E-02      -0.62348E+00      -0.53611E+01      -0.51358E+00      -0.67694E+01
      0      1      -0.34844E+01       0.23645E-02      -0.62640E+00      -0.47821E+01      -0.18186E+00      -0.14428E+01
      0      1      -0.30473E+02       0.29356E-02       0.31134E+00       0.22421E+01      -0.22280E+00      -0.14383E+01
      0      1      -0.36706E+02      -0.13422E-02       0.48250E+00       0.53400E+01       0.81774E+00       0.40698E+01
      0      1       0.40887E+02      -0.49345E-02      -0.54307E+00      -0.38077E+01       0.62958E+00       0.66106E+01
      0      1       0.25228E+01      -0.30384E-03       0.85286E-01       0.16488E+00       0.40807E+00       0.56746E+00
      0      1       0.17235E+01       0.38952E-02      -0.54992E+00      -0.62710E+01       0.65974E+00       0.35833E+01
      0      1       0.26063E+02       0.63407E-02      -0.72740E+00      -0.68490E+01      -0.17479E-01       0.26807E+01
      0      1      -0.29697E+02      -0.22461E-02      -0.55911E+00      -0.37432E+01       0.17658E+00       0.19124E+01
      0      1      -0.14877E+02      -0.45412E-03      -0.55535E+00      -0.59007E+01      -0.82717E+00      -0.69600E+01
      0      1       0.51585E+01       0.14138E-02      -0.46018E+00      -0.48515E+01      -0.12994E+00      -0.34947E+01
      0      1      -0.29397E+02      -0.27209E-02      -0.36999E+00      -0.51673E+01       0.91255E+00       0.75683E+01
      0      1       0.11476E+02       0.48901E-03       0.28656E+00       0.18373E+01       0.41588E+00       0.78392E+00
      0      1       0.44119E+01      -0.13559E-02      -0.45315E+00      -0.31828E+01      -0.13085E+00      -0.94286E+00
      0      1      -0.11706E+02       0.14308E-02      -0.68309E+00      -0.64988E+01      -0.72339E+00      -0.49706E+01
      0      1       0.36074E+02       0.34069E-02       0.57777E+00       0.50764E+01       0.80191E-01       0.12663E+01
      0      1       0.10706E+02      -0.56735E-02      -0.75712E-01      -0.66376E+00       0.27996E+00      -0.48661E+00
      0      1       0.26491E+02      -0.58946E-02       0.29810E+00       0.38655E+01       0.62406E+00       0.31400E+01
      0      1       0.25308E+02       0.51470E-02      -0.83311E+00      -0.68847E+01      -0.42104E+00      -0.15667E+01
      0      1       0.21206E+02       0.15010E-02       0.48348E+00       0.50144E+01      -0.63352E+00      -0.35793E+01
      0      1       0.38961E+02      -0.53693E-03       0.67347E+00       0.56591E+01       0.14328E+00       0.73415E+00
      0      1       0.33823E+02       0.29237E-02      -0.45323E+00      -0.56409E+01      -0.25585E+00      -0.22103E+01
      0      1      -0.38834E+02      -0.14235E-02       0.11687E+00       0.13312E+01       0.75062E+00       0.48473E+01
      0      1      -0.23874E+02       0.62763E-02      -0.41759E+00      -0.35745E+01      -0.98084E+00      -0.52345E+01
      0      1      -0.16309E+02      -0.35922E-04       0.34981E+00       0.19577E+01       0.16442E+00       0.25917E+00
      0      1       0.13918E+02       0.37779E-02       0.57200E+00       0.60278E+01       0.26808E+00       0.15966E+01
      0      1       0.19481E+02      -0.25835E-02      -0.58650E+00      -0.51154E+01      -0.11653E+00      -0.17948E+01
      0      1      -0.16025E+02       0.52517E-03       0.82948E+00       0.70167E+01      -0.71424E+00      -0.40944E+01
      0      1       0.22121E+02      -0.19698E-02      -0.50853E+00      -0.42454E+01       0.30893E+00      -0.63852E+00
      0      1      -0.91602E+01      -0.60857E-02      -0.43677E+00      -0.33655E+01      -0.72030E+00      -0.83104E+01
      0      1       0.21402E+02      -0.31879E-02      -0.43253E+00      -0.42140E+01      -0.23849E+00      -0.32836E+00
      0      1       0.83568E+01      -0.33146E-02      -0.47736E+00      -0.33662E+01       0.27649E+00      -0.85569E-01
      0      1      -0.20946E+02      -0.19599E-02       0.25654E+00       0.27826E+01       0.75697E+00       0.58394E+01
      0      1       0.63756E+01      -0.17433E-02      -0.76183E+00      -0.63526E+01      -0.56510E+00      -0.65088E+01
      0      1      -0.10119E+02      -0.46695E-02       0.26415E+00       0.19590E+01      -0.78499E+00      -0.28766E+01
      0      1      -0.19936E+01       0.18483E-03       0.53666E+00       0.39400E+01      -0.71450E+00      -0.75920E+01
      0      1      -0.24347E+02      -0.48931E-02      -0.34671E+00      -0.38735E+01      -0.22539E+00      -0.16081E+01
      0      1       0.30840E+02      -0.20457E-02       0.92793E-01       0.13823E+01       0.33931E+00       0.22284E+01
      0      1       0.19021E+01      -0.27801E-02       0.25987E+00       0.22400E+01       0.63756E+00       0.43495E+01
      0      1       0.22836E+02       0.44970E-02      -0.78817E+00      -0.72909E+01      -0.79566E+00      -0.55976E+01
      0      1       0.25008E+02      -0.46773E-02      -0.33645E+00      -0.36584E+01       0.99262E+00       0.66230E+01
      0      1       0.37820E+02       0.50374E-02      -0.28532E+00      -0.19140E+01       0.78816E+00       0.36099E+01
      0      1       0.11676E+02      -0.52526E-02      -0.25843E-01      -0.29645E+00       0.52621E+00       0.63381E+00
      0      1      -0.38358E+02      -0.25847E-03      -0.10912E+00      -0.35980E+00       0.24088E+00       0.12112E+01
      0      1       0.13214E+02      -0.25479E-02      -0.49250E+00      -0.48911E+01       0.98481E+00       0.68211E+01
      0      1       0.39728E+02      -0.46733E-02      -0.38008E+00      -0.52273E+01      -0.21107E+00      -0.23405E+01
      0      1       0.13994E+01       0.60489E-02      -0.23887E+00      -0.14953E+01       0.74317E+00       0.74975E+01
      0      1       0.13506E+02       0.29723E-03      -0.53831E+00      -0.44693E+01       0.56952E+00       0.40495E+01
      0      1       0.24252E+02      -0.93551E-03       0.21345E+00       0.25944E+01       0.55102E+00       0.27161E+01
      0      1       0.23425E+02      -0.13930E-02      -0.28047E+00      -0.41044E+01       0.31458E+00       0.11728E+01
      0      1      -0.31871E+02      -0.24981E-03       0.62049E+00       0.66055E+01      -0.77582E+00      -0.56599E+01
      0      1       0.39214E+02      -0.15245E-02       0.33206E+00       0.25247E+01      -0.20545E+00      -0.25960E+01
      0      1       0.51242E+01       0.85623E-03      -0.29650E-01       0.40204E-01       0.62751E+00       0.60229E+01
      0      1      -0.36253E+01       0.55967E-02       0.36767E-01       0.18117E+01      -0.85675E+00      -0.50875E+01
      0      1       0.29263E+02       0.32455E-02       0.76329E+00       0.70724E+01       0.20751E+00       0.46265E+01
      0      1       0.73677E+01       0.54096E-02      -0.50540E+00      -0.51112E+01      -0.83389E+00      -0.32291E+01
      0      1      -0.18884E+01      -0.15400E-02      -0.76768E+00      -0.66451E+01       0.70345E+00       0.51248E+01
      0      1      -0.36565E+02       0.48955E-02       0.19671E+00       0.32393E+01       0.62597E+00       0.53518E+01
      0      1       0.12699E+02       0.37287E-02       0.43730E+00       0.48992E+01      -0.29852E+00      -0.33706E+01
      0      1      -0.34792E+02      -0.31609E-02      -0.40200E-01       0.26783E+00       0.76849E+00       0.76291E+01
      0      1      -0.12479E+02       0.48741E-02      -0.50407E+00      -0.34108E+01      -0.94196E+00      -0.71229E+01
      0      1      -0.10804E+02      -0.38438E-02      -0.26262E+00      -0.39083E+01       0.49772E+00       0.59019E+01
      0      1      -0.97249E+01       0.59687E-02       0.11716E+00       0.12546E+01      -0.28953E+00      -0.50404E+00
      0      1      -0.30493E+02      -0.29119E-02      -0.44057E-01      -0.14186E+00      -0.23865E+00      -0.48321E+01
      0      1       0.12914E+02       0.51949E-02       0.40598E+00       0.35952E+01      -0.66993E+00      -0.23659E+01
      0      1       0.11976E+02      -0.31969E-02       0.22237E+00       0.31670E+01      -0.51981E+00      -0.21011E+01
      0      1      -0.61523E+01       0.57050E-03       0.42152E+00       0.26258E+01      -0.75931E+00      -0.66275E+01
      0      1      -0.12189E+02       0.34058E-02      -0.42466E+00      -0.41456E+01      -0.33582E+00      -0.24731E+01
      0      1      -0.29709E+02      -0.37257E-02       0.11722E+00       0.10327E+01       0.37147E-01       0.18851E+01
      0      1       0.26998E+02      -0.21083E-02      -0.10770E+00       0.33977E+00       0.36222E+00       0.19843E+01
      0      1      -0.20318E+02      -0.97477E-03      -0.54288E+00      -0.58354E+01      -0.92659E-01      -0.28202E+01
      0      1      -0.37391E+02      -0.10291E-03      -0.47298E+00      -0.31327E+01       0.66858E+00       0.63123E+01
      0      1       0.28664E+02      -0.40189E-02       0.19369E+00       0.23278E+01       0.24473E+00       0.44938E+01
      0      1      -0.30518E+02       0.42250E-02      -0.73134E-01      -0.68977E+00       0.91699E+00       0.76027E+01
      0      1      -0.20126E+01       0.54902E-02      -0.25476E+00      -0.27091E+01       0.41106E-01       0.29170E+01
      0      1      -0.21099E+02      -0.30409E-02       0.15761E+00       0.18441E-01       0.38005E+00       0.29119E+01
      0      1      -0.39279E+02       0.19174E-04       0.87323E+00       0.72656E+01       0.76605E+00       0.48018E+01
      0      1       0.24231E+02      -0.50482E-02      -0.24657E+00      -0.22171E+01      -0.35266E+00      -0.48724E+01
      0      1       0.99022E+01       0.35341E-02       0.12357E+00      -0.18280E+00       0.76639E+00       0.56693E+01
      0      1      -0.30671E+02       0.22038E-02       0.72926E+00       0.67049E+01       0.25557E+00       0.24859E+01
      0      1      -0.15066E+02       0.32028E-02       0.39456E+00       0.46836E+01      -0.76053E+00      -0.32889E+01
      0      1      -0.13384E+02      -0.17608E-02      -0.76135E-01      -0.27738E+00      -0.22184E+00      -0.43837E+01
      0      1      -0.66910E+01       0.27392E-02      -0.29417E+00      -0.41553E+01       0.49450E+00       0.42045E+01
      0      1      -0.39070E+02       0.34413E-02      -0.30475E+00      -0.32822E+01       0.93190E-01       0.15901E+01
      0      1       0.13949E+02      -0.37755E-02      -0.33759E+00      -0.26987E+01      -0.45589E+00      -0.54642E+00
      0      1      -0.30840E+01       0.39727E-02      -0.39284E+00      -0.28273E+01      -0.42595E+00      -0.28605E+01
      0      1       0.20166E+02       0.55452E-02       0.21138E+00       0.29933E+01       0.49896E+00       0.24190E+01
      0      1      -0.17556E+02      -0.53193E-02      -0.37734E+00      -0.46459E+01       0.18227E+00       0.10870E+01
      0      1      -0.18771E+02      -0.59922E-02       0.52506E+00       0.57094E+01       0.16572E+00       0.25192E+01
      0      1       0.24910E+02      -0.43272E-03       0.15422E+00      -0.24337E-01       0.93155E+00       0.57077E+01
      0      1      -0.86766E+01       0.17871E-02      -0.62552E+00      -0.57521E+01      -0.50685E+00      -0.29490E+01
      0      1       0.36282E+02       0.86919E-03      -0.38414E+00      -0.31428E+01       0.28306E+00       0.52971E+01
      0      1      -0.11667E+02       0.57813E-02      -0.15985E+00      -0.24978E+01      -0.55734E+00      -0.35087E+01
      0      1      -0.47637E+01      -0.36695E-02      -0.70166E+00      -0.69792E+01      -0.29408E+00      -0.22372E+01
      0      1      -0.60987E+01       0.81436E-03       0.88373E+00       0.72504E+01       0.19283E+00       0.32722E+01
      0      1      -0.28668E+02       0.62606E-02       0.62728E+00       0.49136E+01       0.73718E+00       0.33768E+01
      0      1      -0.71848E+01      -0.55530E-03       0.12160E+00       0.10907E+00      -0.54945E+00      -0.36824E+01
      0      1      -0.13199E+02      -0.53468E-02       0.11880E+00       0.59275E+00       0.73202E+00       0.76168E+01
      0      1      -0.42586E+01      -0.53072E-02       0.31861E+00       0.41604E+01      -0.60205E+00      -0.27107E+01
      0      1      -0.27521E+02       0.36478E-02      -0.32594E+00      -0.38936E+01       0.29066E+00       0.50639E+01
      0      1       0.32616E+02       0.59850E-02       0.46233E+00       0.42431E+01      -0.72112E+00      -0.60803E+01
      0      1      -0.31721E+02       0.13334E-02      -0.56008E+00      -0.43520E+01      -0.39132E+00      -0.34208E+00
      0      1       0.92564E+01       0.41247E-02      -0.32194E+00      -0.23710E+01       0.11042E+00       0.23355E+01
      0      1      -0.21192E+01      -0.81119E-03       0.57801E+00       0.53590E+01      -0.14647E+00       0.12049E+01
      0      1       0.21025E+02       0.28694E-02      -0.50831E+00      -0.50648E+01       0.12001E+00       0.29839E+01
      0      1       0.26404E+02       0.15315E-02       0.15031E+00       0.53424E+00      -0.87775E-01      -0.35138E+01
      0      1      -0.40413E+02      -0.10957E-02       0.30908E+00       0.31828E+01       0.15208E+00       0.47670E+01
      0      1       0.16927E+02      -0.29367E-02      -0.45655E+00      -0.56467E+01      -0.41325E+00      -0.25665E+01
      0      1      -0.31062E+02       0.63239E-02       0.31341E+00       0.34555E+01       0.48941E+00       0.39275E+01
      0      1       0.40966E+02       0.34517E-04       0.26976E+00       0.31224E+01       0.92220E+00       0.51780E+01
      0      1       0.14003E+02      -0.25385E-02       0.52155E+00       0.47520E+01       0.43727E+00       0.22274E+01
      0      1       0.16735E+02      -0.71098E-03      -0.24331E+00      -0.12908E+01      -0.63964E+00      -0.66354E+01
      0      1      -0.29646E+02      -0.21143E-02       0.52031E+00       0.60668E+01      -0.44184E+00      -0.57063E+01
      0      1      -0.22230E+02       0.15829E-02       0.36350E+00       0.43567E+01      -0.63486E+00      -0.28049E+01
      0      1      -0.19621E+02       0.62892E-02       0.37205E+00       0.47819E+01      -0.39382E+00      -0.38811E+01
      0      1      -0.13345E+02       0.62963E-02      -0.50484E+00      -0.54818E+01       0.32766E+00       0.25555E+01
      0      1       0.35625E+02       0.23229E-02      -0.90684E+00      -0.74555E+01       0.60743E+00       0.53385E+01
      0      1      -0.26565E+02      -0.34063E-02       0.16896E+00       0.17207E+01       0.16522E+00       0.21709E+01
      0      1       0.23493E+01       0.18187E-02       0.20056E+00       0.15490E+01       0.21023E+00       0.14026E+01
      0      1      -0.19909E+02      -0.52831E-02       0.18154E+00       0.14590E+01       0.12717E+00      -0.17619E+00
      0      1       0.21516E+02       0.56860E-02      -0.23952E+00      -0.16777E+01      -0.58201E+00      -0.56877E+01
      0      1      -0.78016E+01       0.61728E-02       0.49691E+00       0.45989E+01      -0.56883E+00      -0.97776E+00
      0      1       0.13635E+02      -0.49701E-02       0.20862E+00       0.19659E+01      -0.34423E+00      -0.35474E+01
      0      1      -0.35892E+02       0.43788E-02       0.23902E+00       0.35535E+01       0.45592E+00       0.35762E+01
      0      1       0.15395E+01      -0.25587E-02       0.49023E-01       0.14886E+01       0.42629E+00       0.59577E+01
      0      1       0.66170E+01       0.10916E-02      -0.78798E+00      -0.73697E+01       0.14651E+00       0.34152E+01
      0      1       0.13461E+02       0.24045E-03      -0.54439E+00      -0.54177E+01      -0.19072E+00      -0.39534E+01
      0      1      -0.26651E+02      -0.33704E-02      -0.25428E+00      -0.21521E+01      -0.68761E-01      -0.34204E+00
      0      1      -0.17815E+01      -0.29351E-02       0.61983E-01       0.98952E-01      -0.30158E+00      -0.48573E+01
      0      1       0.34495E+02      -0.22448E-04      -0.35356E+00      -0.26805E+01       0.38410E+00       0.38107E+01
      0      1      -0.66472E+01       0.43948E-02      -0.23204E+00      -0.33332E+01      -0.37092E+00      -0.13482E+01
      0      1       0.35349E+02       0.41815E-02       0.51234E+00       0.44768E+01       0.26073E+00       0.52665E+01
      0      1      -0.12904E+02       0.56895E-02       0.40624E+00       0.40061E+01      -0.39390E+00      -0.61289E+01
      0      1      -0.38054E+02       0.19391E-02       0.35738E+00       0.41621E+01      -0.17537E+00      -0.95276E+00
      0      1      -0.64643E+01       0.57512E-02       0.57237E+00       0.53621E+01      -0.42785E+00      -0.45620E+01
      0      1      -0.15718E+02      -0.55863E-02      -0.30512E+00      -0.24940E+01      -0.97713E+00      -0.61256E+01
      0      1      -0.37415E+02      -0.36646E-02      -0.25219E+00      -0.12786E+01      -0.42809E-02      -0.64345E+00
      0      1       0.28108E+02       0.46333E-02       0.27695E+00       0.28270E+01       0.70124E+00       0.32728E+01
      0      1       0.32601E+02      -0.35376E-02      -0.40644E+00      -0.34845E+01       0.69026E+00       0.83292E+01
      0      1       0.15365E+02       0.18630E-02      -0.11831E+00      -0.22931E+01      -0.92404E-01       0.19938E-01
      0      1      -0.31408E+02      -0.20074E-02      -0.42460E+00      -0.33492E+01       0.72038E+00       0.54091E+01
      0      1      -0.21521E+02      -0.29592E-02       0.31887E+00       0.26188E+01       0.21274E+00       0.48807E+01
      0      1       0.13276E+02       0.78541E-03      -0.65027E+00      -0.58287E+01      -0.81793E-01      -0.26690E+01
      0      1       0.23482E+02       0.12889E-02       0.87122E+00       0.70382E+01      -0.49158E-01      -0.13151E+01
      0      1       0.21320E+02      -0.36823E-02       0.61777E+00       0.60116E+01      -0.50763E+00      -0.37692E+01
      0      1      -0.35209E+02       0.54740E-02       0.10910E+00       0.20506E+01      -0.12145E+00      -0.25643E+01
      0      1      -0.13981E+01      -0.32418E-02       0.40159E-01       0.80128E+00       0.85702E-01      -0.31435E+00
      0      1      -0.29455E+02      -0.12264E-02      -0.72887E-01      -0.97282E-01       0.69196E+00       0.44841E+01
      0      1       0.33258E+02       0.16763E-02       0.22631E+00       0.28947E+01       0.66281E+00       0.30486E+01
      0      1      -0.11848E+01      -0.57297E-02      -0.36382E+00      -0.37142E+01       0.20676E+00       0.11881E+01
      0      1       0.65234E+01      -0.48137E-02       0.86979E-01       0.11081E+01       0.39254E+00       0.41785E+01
      0      1       0.32197E+02      -0.30226E-02      -0.26147E+00      -0.31435E+01       0.96117E+00       0.71678E+01
      0      1       0.25128E+01      -0.20119E-02      -0.41958E+00      -0.36310E+01      -0.72740E+00      -0.90541E+01
      0      1       0.15998E+01       0.80045E-03       0.14300E+00       0.20600E+01       0.35819E+00       0.17986E+01
      0      1       0.13700E+02      -0.21057E-02      -0.81384E+00      -0.70340E+01      -0.15501E+00      -0.35006E+01
      0      1       0.23894E+02       0.60728E-04       0.29273E+00       0.42079E+01       0.25705E-01       0.36854E+00
      0      1      -0.18884E+02      -0.34551E-02       0.61870E+00       0.59115E+01      -0.78125E+00      -0.83520E+01
      0      1      -0.25778E+02      -0.37016E-02      -0.91713E+00      -0.73144E+01       0.94086E+00       0.68457E+01
      0      1      -0.13217E+02       0.40000E-02      -0.41951E+00      -0.44414E+01       0.17920E+00       0.49767E+01
      0      1      -0.18306E+02       0.91773E-03      -0.80840E+00      -0.66822E+01       0.18135E+00       0.20625E+01
      0      1      -0.14572E+02       0.59937E-02       0.32518E+00       0.17222E+01       0.51855E+00       0.50024E+01
      0      1      -0.26248E+01      -0.56391E-02       0.36186E+00       0.35492E+01       0.78556E+00       0.70649E+01
      0      1       0.30850E+02      -0.48302E-04      -0.80787E+00      -0.71175E+01       0.30085E+00       0.64960E+00
      0      1      -0.52346E+01       0.53511E-03      -0.68809E+00      -0.71516E+01      -0.15057E+00       0.21620E+01
      0      1       0.35597E+02       0.10592E-02       0.17520E+00       0.12491E+01       0.95169E+00       0.55263E+01
      0      1      -0.23892E+02      -0.46606E-02       0.67262E+00       0.56982E+01      -0.71361E+00      -0.68908E+01
      0      1      -0.29654E+02      -0.22776E-02      -0.47690E+00      -0.36819E+01       0.77998E-01       0.26509E+01
      0      1      -0.28986E+02       0.36086E-02      -0.64597E-01      -0.15726E+01      -0.40150E+00      -0.40974E+01
      0      1       0.29501E+02       0.38784E-02       0.54032E+00       0.48519E+01      -0.98183E+00      -0.65525E+01
      0      1       0.25353E+01      -0.37395E-02       0.25745E+00       0.29358E+01       0.59461E+00       0.35333E+01
      0      1      -0.40372E+02      -0.76062E-03       0.24572E+00       0.22072E+01      -0.42714E+00      -0.12125E+01
      0      1      -0.26307E+02       0.22176E-02       0.58053E+00       0.67580E+01      -0.21379E+00      -0.16230E+01
      0      1      -0.17726E+02       0.89247E-03       0.25654E+00       0.34181E+01      -0.28881E+00      -0.52636E+01
      0      1       0.66533E+01      -0.13811E-02       0.71572E+00       0.61275E+01       0.84581E+00       0.86940E+01
      0      1      -0.22933E+02       0.42034E-02      -0.47808E+00      -0.39268E+01      -0.10953E+00      -0.35187E+00
      0      1       0.14385E+02       0.16855E-02       0.39152E+00       0.24515E+01       0.83993E+00       0.67302E+01
      0      1       0.18050E+02       0.44769E-02      -0.49737E+00      -0.60835E+01       0.58558E+00       0.52188E+01
      0      1      -0.38056E+02       0.36822E-02      -0.10112E+00      -0.24302E+00       0.51973E-01       0.15110E+01
      0      1       0.40817E+02      -0.27626E-02      -0.63527E+00      -0.64558E+01      -0.18638E+00      -0.25590E+01
      0      1      -0.23317E+02       0.61836E-02       0.34025E-01      -0.77236E+00       0.45465E+00       0.31010E+01
      0      1      -0.21355E+02      -0.60305E-02      -0.17379E-01       0.10007E+01      -0.34603E+00      -0.50083E+01
      0      1       0.40499E+02       0.43092E-02       0.50878E+00       0.42431E+01      -0.77870E+00      -0.34048E+01
      0      1       0.30002E+02      -0.22509E-02      -0.72121E-01       0.56035E+00      -0.95933E-01      -0.17608E+01
      0      1       0.27135E+01       0.38447E-02      -0.45926E-01       0.42196E+00       0.63988E+00       0.75840E+01
      0      1       0.22741E+02       0.10629E-03      -0.48794E+00      -0.54750E+01       0.42093E+00       0.39630E+00
      0      1      -0.38734E+02      -0.36400E-02       0.20225E+00       0.21693E+01       0.11094E+00       0.55038E+00
      0      1      -0.10106E+01       0.21845E-02       0.16170E+00       0.12073E+01       0.75526E+00       0.46626E+01
      0      1      -0.21352E+01      -0.79763E-03       0.54237E+00       0.43875E+01      -0.83240E+00      -0.34608E+01
      0      1      -0.11648E+02       0.26276E-02      -0.75260E+00      -0.70102E+01      -0.27360E+00       0.10822E+01
      0      1       0.37290E+02       0.44197E-02       0.81918E-01       0.13297E+00      -0.70106E+00      -0.36880E+01
      0      1       0.34118E+02       0.58757E-02      -0.92562E-01      -0.11680E+01      -0.88922E-01       0.26915E+01
      0      1       0.33627E+02       0.63144E-02       0.28809E+00       0.26819E+01       0.50461E+00       0.10042E+01
      0      1       0.10341E+02      -0.13717E-02      -0.57032E+00      -0.67333E+01       0.87584E+00       0.44585E+01
      0      1       0.22360E+02       0.58681E-03      -0.26147E-01      -0.16197E+01       0.81632E+00       0.54339E+01
      0      1      -0.22198E+02      -0.42255E-02       0.18237E+00       0.25607E+00       0.12404E+00       0.16992E+01
      0      1      -0.17074E+02       0.49516E-02       0.40156E+00       0.31675E+01      -0.69510E+00      -0.68107E+01
      0      1      -0.21270E+02       0.40664E-02      -0.73560E+00      -0.65383E+01       0.12104E+00       0.40561E+01
      0      1      -0.25104E+02      -0.12185E-02       0.24014E+00       0.22229E+01      -0.89598E+00      -0.60818E+01
      0      1      -0.38311E+02       0.63727E-02       0.72350E+00       0.70370E+01      -0.54035E+00      -0.26319E+01
      0      1       0.16697E+02      -0.58206E-02       0.47390E+00       0.44528E+01       0.97311E-01      -0.27855E+01
      0      1      -0.17501E+02      -0.34943E-02       0.98555E-01       0.73654E+00       0.19235E+00       0.18975E+01
      0      1       0.22401E+02       0.56453E-02       0.67526E+00       0.61663E+01      -0.26950E+00      -0.77862E+00
      0      1      -0.27525E+01      -0.46262E-03      -0.29195E+00      -0.35877E+01       0.94835E+00       0.58853E+01
      0      1      -0.29945E+02       0.18480E-02      -0.68795E+00      -0.66130E+01       0.50169E+00       0.74429E+01
      0      1      -0.26166E+02       0.38020E-02      -0.48663E+00      -0.38326E+01       0.32598E+00       0.27066E+01
      0      1      -0.88935E+01      -0.39317E-02      -0.33312E+00      -0.44822E+01      -0.32892E+00      -0.55764E+00
      0      1       0.27907E+02       0.14003E-02       0.52232E+00       0.46377E+01       0.12214E+00       0.54455E+00
      0      1      -0.34655E+02       0.41384E-02      -0.49220E+00      -0.53700E+01       0.62624E+00       0.65562E+01
      0      1      -0.74070E+01      -0.26438E-02       0.17869E+00       0.20585E+01      -0.78603E-01       0.15929E+01
      0      1      -0.79141E+01       0.30679E-02       0.45213E-01       0.45220E-01      -0.69368E+00      -0.24474E+01
      0      1       0.22995E+02       0.11662E-02       0.46330E-01       0.39548E+00       0.28690E+00       0.23282E+01
      0      1      -0.27185E+02      -0.54017E-02       0.50770E+00       0.38584E+01       0.53532E+00       0.58873E+01
      0      1      -0.14084E+02       0.10914E-02       0.33154E+00       0.22669E+01       0.69092E+00       0.32970E+01
      0      1       0.12345E+01       0.51749E-03       0.25023E+00       0.23689E+01       0.31448E+00       0.32923E+01
      0      1      -0.29900E+02       0.13899E-02       0.55237E+00       0.65693E+01      -0.19679E+00      -0.18798E+01
      0      1       0.16425E+02       0.18880E-02       0.22672E+00       0.34653E+01      -0.57359E+00      -0.27066E+01
      0      1       0.23614E+02       0.56748E-02      -0.34016E+00      -0.27630E+01       0.53760E+00       0.68283E+01
      0      1      -0.31046E+02       0.28095E-02       0.56610E+00       0.47209E+01      -0.75834E+00      -0.66056E+01
      0      1       0.39605E+02       0.27787E-02      -0.80089E-02       0.10489E+01      -0.93044E+00      -0.75144E+01
      0      1       0.26049E+02       0.38208E-02      -0.44025E+00      -0.43277E+01       0.27441E+00       0.11931E+01
      0      1       0.99968E+01      -0.58314E-02      -0.31753E+00      -0.25832E+01      -0.87017E+00      -0.76161E+01
      0      1      -0.60163E+01       0.74494E-04      -0.14774E+00      -0.27410E+01       0.55748E-01      -0.16794E+01
      0      1       0.81106E+01       0.17714E-02       0.46469E+00       0.38785E+01       0.74585E+00       0.71510E+01
      0      1       0.23295E+02       0.35383E-02       0.13802E+00       0.15745E+01       0.84343E-01       0.42489E+00
      0      1       0.26799E+02      -0.43879E-02       0.50952E+00       0.53021E+01       0.88504E-02       0.21941E+01
      0      1      -0.13447E+02       0.52679E-02      -0.22039E+00      -0.12701E+01       0.73294E+00       0.32671E+01
      0      1       0.29359E+02       0.26542E-02      -0.25298E-01       0.54350E-01      -0.14802E+00       0.17672E+01
      0      1       0.39185E+02      -0.43711E-02       0.31998E+00       0.39980E+01      -0.54497E+00      -0.48346E+01
      0      1      -0.33075E+02      -0.61963E-02       0.36471E+00       0.27087E+01       0.51893E+00       0.70467E+01
      0      1       0.34459E+02      -0.54588E-02       0.95925E+00       0.76942E+01      -0.46998E+00      -0.32212E+01
      0      1       0.34869E+02      -0.17415E-02      -0.52596E+00      -0.47218E+01       0.27859E+00      -0.55484E+00
      0      1      -0.55136E+01       0.55003E-02      -0.73792E-01      -0.23807E+01       0.57702E+00       0.36018E+01
      0      1       0.30940E+02       0.32393E-02      -0.52263E+00      -0.56159E+01       0.54129E+00       0.60115E+01
      0      1       0.11684E+02       0.61396E-02       0.19012E+00       0.32841E+01       0.11395E+00       0.24837E+01
      0      1      -0.17118E+02       0.10323E-02      -0.16039E+00      -0.75342E+00      -0.61753E+00      -0.23594E+01
      0      1      -0.16966E+02       0.46591E-02       0.70446E+00       0.66649E+01      -0.72756E+00      -0.38848E+01
      0      1       0.30782E+02       0.32351E-02       0.44567E+00       0.31463E+01      -0.56493E+00      -0.23751E+01
      0      1      -0.27619E+02      -0.10384E-02      -0.64608E+00      -0.62548E+01       0.80058E+00       0.57712E+01
      0      1       0.13873E+02       0.17858E-02       0.70584E+00       0.67522E+01      -0.47829E+00      -0.14655E+01
      0      1       0.57318E+01       0.21881E-03      -0.62389E+00      -0.58482E+01       0.85428E+00       0.85723E+01
      0      1       0.19010E+02      -0.40312E-02      -0.19428E+00      -0.97616E+00      -0.28111E+00      -0.13656E+01
      0      1       0.19365E+02      -0.40673E-02       0.29210E+00       0.30354E+01      -0.77948E-01       0.17325E+01
      0      1       0.79005E+01       0.76368E-03       0.85004E-01      -0.83740E-01      -0.14957E+00      -0.23614E+01
      0      1       0.15832E+02      -0.42187E-02      -0.32820E+00      -0.34236E+01       0.66531E+00       0.24742E+01
      0      1       0.27578E+02      -0.17153E-02      -0.39547E+00      -0.31142E+01       0.35739E+00       0.99159E+00
      0      1       0.33788E+02       0.55804E-02       0.67027E+00       0.68426E+01       0.74740E+00       0.54032E+01
      0      1      -0.22697E+02       0.54883E-02      -0.66885E+00      -0.59027E+01      -0.82149E+00      -0.65857E+01
      0      1       0.29267E+02      -0.26803E-02       0.59674E-01       0.13853E+01       0.25299E+00       0.44723E+01
      0      1      -0.17022E+02       0.11691E-02       0.32399E+00       0.38296E+01       0.22534E+00       0.28662E+01
      0      1       0.96849E+01       0.38501E-02       0.46167E+00       0.41095E+01      -0.50713E+00      -0.66226E+01
      0      1       0.65698E+01       0.39495E-02      -0.36676E+00      -0.32868E+01      -0.19163E+00      -0.34746E+01
      0      1       0.33290E+02       0.10841E-02       0.41137E+00       0.44267E+01      -0.97745E+00      -0.55580E+01
      0      1       0.49845E+01      -0.45743E-02       0.37051E+00       0.42241E+01       0.49366E+00       0.13952E+01
